{
  "id": 173739255,
  "node_id": "MDEwOlJlcG9zaXRvcnkxNzM3MzkyNTU=",
  "name": "onlinestatsbook",
  "full_name": "tarajano/onlinestatsbook",
  "private": false,
  "owner": {
    "login": "tarajano",
    "id": 11542477,
    "node_id": "MDQ6VXNlcjExNTQyNDc3",
    "avatar_url": "https://avatars1.githubusercontent.com/u/11542477?v=4",
    "gravatar_id": "",
    "url": "https://api.github.com/users/tarajano",
    "html_url": "https://github.com/tarajano",
    "followers_url": "https://api.github.com/users/tarajano/followers",
    "following_url": "https://api.github.com/users/tarajano/following{/other_user}",
    "gists_url": "https://api.github.com/users/tarajano/gists{/gist_id}",
    "starred_url": "https://api.github.com/users/tarajano/starred{/owner}{/repo}",
    "subscriptions_url": "https://api.github.com/users/tarajano/subscriptions",
    "organizations_url": "https://api.github.com/users/tarajano/orgs",
    "repos_url": "https://api.github.com/users/tarajano/repos",
    "events_url": "https://api.github.com/users/tarajano/events{/privacy}",
    "received_events_url": "https://api.github.com/users/tarajano/received_events",
    "type": "User",
    "site_admin": false
  },
  "html_url": "https://github.com/tarajano/onlinestatsbook",
  "description": null,
  "fork": false,
  "url": "https://api.github.com/repos/tarajano/onlinestatsbook",
  "forks_url": "https://api.github.com/repos/tarajano/onlinestatsbook/forks",
  "keys_url": "https://api.github.com/repos/tarajano/onlinestatsbook/keys{/key_id}",
  "collaborators_url": "https://api.github.com/repos/tarajano/onlinestatsbook/collaborators{/collaborator}",
  "teams_url": "https://api.github.com/repos/tarajano/onlinestatsbook/teams",
  "hooks_url": "https://api.github.com/repos/tarajano/onlinestatsbook/hooks",
  "issue_events_url": "https://api.github.com/repos/tarajano/onlinestatsbook/issues/events{/number}",
  "events_url": "https://api.github.com/repos/tarajano/onlinestatsbook/events",
  "assignees_url": "https://api.github.com/repos/tarajano/onlinestatsbook/assignees{/user}",
  "branches_url": "https://api.github.com/repos/tarajano/onlinestatsbook/branches{/branch}",
  "tags_url": "https://api.github.com/repos/tarajano/onlinestatsbook/tags",
  "blobs_url": "https://api.github.com/repos/tarajano/onlinestatsbook/git/blobs{/sha}",
  "git_tags_url": "https://api.github.com/repos/tarajano/onlinestatsbook/git/tags{/sha}",
  "git_refs_url": "https://api.github.com/repos/tarajano/onlinestatsbook/git/refs{/sha}",
  "trees_url": "https://api.github.com/repos/tarajano/onlinestatsbook/git/trees{/sha}",
  "statuses_url": "https://api.github.com/repos/tarajano/onlinestatsbook/statuses/{sha}",
  "languages_url": "https://api.github.com/repos/tarajano/onlinestatsbook/languages",
  "stargazers_url": "https://api.github.com/repos/tarajano/onlinestatsbook/stargazers",
  "contributors_url": "https://api.github.com/repos/tarajano/onlinestatsbook/contributors",
  "subscribers_url": "https://api.github.com/repos/tarajano/onlinestatsbook/subscribers",
  "subscription_url": "https://api.github.com/repos/tarajano/onlinestatsbook/subscription",
  "commits_url": "https://api.github.com/repos/tarajano/onlinestatsbook/commits{/sha}",
  "git_commits_url": "https://api.github.com/repos/tarajano/onlinestatsbook/git/commits{/sha}",
  "comments_url": "https://api.github.com/repos/tarajano/onlinestatsbook/comments{/number}",
  "issue_comment_url": "https://api.github.com/repos/tarajano/onlinestatsbook/issues/comments{/number}",
  "contents_url": "https://api.github.com/repos/tarajano/onlinestatsbook/contents/{+path}",
  "compare_url": "https://api.github.com/repos/tarajano/onlinestatsbook/compare/{base}...{head}",
  "merges_url": "https://api.github.com/repos/tarajano/onlinestatsbook/merges",
  "archive_url": "https://api.github.com/repos/tarajano/onlinestatsbook/{archive_format}{/ref}",
  "downloads_url": "https://api.github.com/repos/tarajano/onlinestatsbook/downloads",
  "issues_url": "https://api.github.com/repos/tarajano/onlinestatsbook/issues{/number}",
  "pulls_url": "https://api.github.com/repos/tarajano/onlinestatsbook/pulls{/number}",
  "milestones_url": "https://api.github.com/repos/tarajano/onlinestatsbook/milestones{/number}",
  "notifications_url": "https://api.github.com/repos/tarajano/onlinestatsbook/notifications{?since,all,participating}",
  "labels_url": "https://api.github.com/repos/tarajano/onlinestatsbook/labels{/name}",
  "releases_url": "https://api.github.com/repos/tarajano/onlinestatsbook/releases{/id}",
  "deployments_url": "https://api.github.com/repos/tarajano/onlinestatsbook/deployments",
  "created_at": "2019-03-04T12:17:07Z",
  "updated_at": "2019-03-04T12:17:07Z",
  "pushed_at": "2019-03-04T12:17:07Z",
  "git_url": "git://github.com/tarajano/onlinestatsbook.git",
  "ssh_url": "git@github.com:tarajano/onlinestatsbook.git",
  "clone_url": "https://github.com/tarajano/onlinestatsbook.git",
  "svn_url": "https://github.com/tarajano/onlinestatsbook",
  "homepage": null,
  "size": 0,
  "stargazers_count": 0,
  "watchers_count": 0,
  "language": null,
  "has_issues": true,
  "has_projects": true,
  "has_downloads": true,
  "has_wiki": true,
  "has_pages": false,
  "forks_count": 0,
  "mirror_url": null,
  "archived": false,
  "open_issues_count": 0,
  "license": null,
  "forks": 0,
  "open_issues": 0,
  "watchers": 0,
  "default_branch": "master",
  "permissions": {
    "admin": true,
    "push": true,
    "pull": true
  },
  "allow_squash_merge": true,
  "allow_merge_commit": true,
  "allow_rebase_merge": true,
  "network_count": 0,
  "subscribers_count": 1
}
